d:\d3d12_playground\litcolumns\x64\debug\vc143.pdb
d:\d3d12_playground\litcolumns\x64\debug\vc143.idb
d:\d3d12_playground\litcolumns\x64\debug\d3dutil.obj
d:\d3d12_playground\litcolumns\x64\debug\d3dapp.obj
d:\d3d12_playground\litcolumns\x64\debug\frameresource.obj
d:\d3d12_playground\litcolumns\x64\debug\camera.obj
d:\d3d12_playground\litcolumns\x64\debug\shadowmap.obj
d:\d3d12_playground\litcolumns\x64\debug\litcolumnsapp.obj
d:\d3d12_playground\litcolumns\x64\debug\mathhelper.obj
d:\d3d12_playground\litcolumns\x64\debug\geometrygenerator.obj
d:\d3d12_playground\litcolumns\x64\debug\gametimer.obj
d:\d3d12_playground\litcolumns\x64\debug\ddstextureloader.obj
d:\d3d12_playground\litcolumns\x64\debug\litcolumns.ilk
d:\d3d12_playground\x64\debug\litcolumns.pdb
d:\d3d12_playground\litcolumns\x64\debug\litcolumns.tlog\cl.command.1.tlog
d:\d3d12_playground\litcolumns\x64\debug\litcolumns.tlog\cl.items.tlog
d:\d3d12_playground\litcolumns\x64\debug\litcolumns.tlog\cl.read.1.tlog
d:\d3d12_playground\litcolumns\x64\debug\litcolumns.tlog\cl.write.1.tlog
d:\d3d12_playground\litcolumns\x64\debug\litcolumns.tlog\dxc.command.1.tlog
d:\d3d12_playground\litcolumns\x64\debug\litcolumns.tlog\fxc.command.1.tlog
d:\d3d12_playground\litcolumns\x64\debug\litcolumns.tlog\fxc.read.1.tlog
d:\d3d12_playground\litcolumns\x64\debug\litcolumns.tlog\link.command.1.tlog
d:\d3d12_playground\litcolumns\x64\debug\litcolumns.tlog\link.read.1.tlog
d:\d3d12_playground\litcolumns\x64\debug\litcolumns.tlog\link.secondary.1.tlog
d:\d3d12_playground\litcolumns\x64\debug\litcolumns.tlog\link.write.1.tlog
